<?xml version="1.0" encoding="UTF-8"?>
<!-- Generated by org.testng.reporters.JUnitXMLReporter -->
<testsuite ignored="0" hostname="DESKTOP-KNCV8DD" failures="0" tests="3" name="HelloSelenium2" time="0.049" errors="0" timestamp="2022-11-17T14:17:02 BDT">
  <testcase classname="TestNG1.TestCase1" name="setup" time="0.005"/>
  <testcase classname="TestNG1.TestCase1" name="testSteps" time="0.0"/>
  <testcase classname="TestNG1.TestCase1" name="tearDown" time="0.002"/>
</testsuite> <!-- HelloSelenium2 -->
