<?xml version="1.0" encoding="UTF-8"?>
<testng-results ignored="0" total="3" passed="3" failed="0" skipped="0">
  <reporter-output>
  </reporter-output>
  <suite started-at="2022-11-17T14:17:02 BDT" name="Default Suite" finished-at="2022-11-17T14:17:02 BDT" duration-ms="49">
    <groups>
    </groups>
    <test started-at="2022-11-17T14:17:02 BDT" name="HelloSelenium2" finished-at="2022-11-17T14:17:02 BDT" duration-ms="49">
      <class name="TestNG1.TestCase1">
        <test-method signature="setup()[pri:1, instance:TestNG1.TestCase1@2a32de6c]" started-at="2022-11-17T14:17:02 BDT" name="setup" finished-at="2022-11-17T14:17:02 BDT" duration-ms="5" status="PASS">
          <reporter-output>
          </reporter-output>
        </test-method> <!-- setup -->
        <test-method signature="testSteps()[pri:2, instance:TestNG1.TestCase1@2a32de6c]" started-at="2022-11-17T14:17:02 BDT" name="testSteps" finished-at="2022-11-17T14:17:02 BDT" duration-ms="0" status="PASS">
          <reporter-output>
          </reporter-output>
        </test-method> <!-- testSteps -->
        <test-method signature="tearDown()[pri:3, instance:TestNG1.TestCase1@2a32de6c]" started-at="2022-11-17T14:17:02 BDT" name="tearDown" finished-at="2022-11-17T14:17:02 BDT" duration-ms="2" status="PASS">
          <reporter-output>
          </reporter-output>
        </test-method> <!-- tearDown -->
      </class> <!-- TestNG1.TestCase1 -->
    </test> <!-- HelloSelenium2 -->
  </suite> <!-- Default Suite -->
</testng-results>
